# JRE version: OpenJDK Runtime Environment Microsoft-8035246 (17.0.8+7) (build 17.0.8+7-LTS)
# Java VM: OpenJDK 64-Bit Server VM Microsoft-8035246 (17.0.8+7-LTS, mixed mode, tiered, compressed oops, compressed class ptrs, g1 gc, windows-amd64)
GC Precious Log:
 CPUs: 16 total, 16 available
 Memory: 16167M
 Large Page Support: Disabled
 NUMA Support: Disabled
 Compressed Oops: Enabled (Zero based)
 Heap Region Size: 8M
 Heap Min Capacity: 256M
 Heap Initial Capacity: 256M
 Heap Max Capacity: 15648M
 Pre-touch: Disabled
 Parallel Workers: 13
 Concurrent Workers: 3
 Concurrent Refinement Workers: 13
 Periodic GC: Disabled
Heap:
 garbage-first heap   total 2981888K, used 782556K [0x000000042e000000, 0x0000000800000000)
  region size 8192K, 4 young (32768K), 3 survivors (24576K)
 Metaspace       used 295673K, committed 298368K, reserved 1310720K
  class space    used 62778K, committed 63936K, reserved 1048576K
GC Heap History (20 events):
Event: 24.152 GC heap after
{Heap after GC invocations=72 (full 0):
 garbage-first heap   total 1785856K, used 540638K [0x000000042e000000, 0x0000000800000000)
  region size 8192K, 9 young (73728K), 9 survivors (73728K)
 Metaspace       used 72364K, committed 74496K, reserved 1114112K
  class space    used 8295K, committed 9216K, reserved 1048576K
}
Event: 25.209 GC heap before
{Heap before GC invocations=72 (full 0):
 garbage-first heap   total 1785856K, used 1499102K [0x000000042e000000, 0x0000000800000000)
  region size 8192K, 126 young (1032192K), 9 survivors (73728K)
 Metaspace       used 82619K, committed 84800K, reserved 1179648K
  class space    used 10095K, committed 11008K, reserved 1048576K
}
Event: 25.225 GC heap after
{Heap after GC invocations=73 (full 0):
 garbage-first heap   total 1785856K, used 550921K [0x000000042e000000, 0x0000000800000000)
  region size 8192K, 10 young (81920K), 10 survivors (81920K)
 Metaspace       used 82619K, committed 84800K, reserved 1179648K
  class space    used 10095K, committed 11008K, reserved 1048576K
}
Event: 25.544 GC heap before
{Heap before GC invocations=73 (full 0):
 garbage-first heap   total 1785856K, used 821257K [0x000000042e000000, 0x0000000800000000)
  region size 8192K, 44 young (360448K), 10 survivors (81920K)
 Metaspace       used 84363K, committed 86528K, reserved 1179648K
  class space    used 10391K, committed 11328K, reserved 1048576K
}
Event: 25.561 GC heap after
{Heap after GC invocations=74 (full 0):
 garbage-first heap   total 1785856K, used 559036K [0x000000042e000000, 0x0000000800000000)
  region size 8192K, 7 young (57344K), 7 survivors (57344K)
 Metaspace       used 84363K, committed 86528K, reserved 1179648K
  class space    used 10391K, committed 11328K, reserved 1048576K
}
Event: 26.902 GC heap before
{Heap before GC invocations=75 (full 0):
 garbage-first heap   total 1785856K, used 1492924K [0x000000042e000000, 0x0000000800000000)
  region size 8192K, 121 young (991232K), 7 survivors (57344K)
 Metaspace       used 97575K, committed 99776K, reserved 1179648K
  class space    used 13634K, committed 14592K, reserved 1048576K
}
Event: 26.916 GC heap after
{Heap after GC invocations=76 (full 0):
 garbage-first heap   total 1785856K, used 568431K [0x000000042e000000, 0x0000000800000000)
  region size 8192K, 8 young (65536K), 8 survivors (65536K)
 Metaspace       used 97575K, committed 99776K, reserved 1179648K
  class space    used 13634K, committed 14592K, reserved 1048576K
}
Event: 26.965 GC heap before
{Heap before GC invocations=76 (full 0):
 garbage-first heap   total 1785856K, used 584815K [0x000000042e000000, 0x0000000800000000)
  region size 8192K, 10 young (81920K), 8 survivors (65536K)
 Metaspace       used 98208K, committed 100480K, reserved 1179648K
  class space    used 13797K, committed 14784K, reserved 1048576K
}
Event: 26.978 GC heap after
{Heap after GC invocations=77 (full 0):
 garbage-first heap   total 1785856K, used 571935K [0x000000042e000000, 0x0000000800000000)
  region size 8192K, 2 young (16384K), 2 survivors (16384K)
 Metaspace       used 98208K, committed 100480K, reserved 1179648K
  class space    used 13797K, committed 14784K, reserved 1048576K
}
Event: 28.888 GC heap before
{Heap before GC invocations=77 (full 0):
 garbage-first heap   total 1785856K, used 1497631K [0x000000042e000000, 0x0000000800000000)
  region size 8192K, 116 young (950272K), 2 survivors (16384K)
 Metaspace       used 123221K, committed 125632K, reserved 1179648K
  class space    used 17110K, committed 18176K, reserved 1048576K
}
Event: 28.895 GC heap after
{Heap after GC invocations=78 (full 0):
 garbage-first heap   total 1785856K, used 579296K [0x000000042e000000, 0x0000000800000000)
  region size 8192K, 3 young (24576K), 3 survivors (24576K)
 Metaspace       used 123221K, committed 125632K, reserved 1179648K
  class space    used 17110K, committed 18176K, reserved 1048576K
}
Event: 29.864 GC heap before
{Heap before GC invocations=79 (full 0):
 garbage-first heap   total 1785856K, used 1513184K [0x000000042e000000, 0x0000000800000000)
  region size 8192K, 117 young (958464K), 3 survivors (24576K)
 Metaspace       used 144756K, committed 147200K, reserved 1179648K
  class space    used 22452K, committed 23488K, reserved 1048576K
}
Event: 29.881 GC heap after
{Heap after GC invocations=80 (full 0):
 garbage-first heap   total 1785856K, used 606633K [0x000000042e000000, 0x0000000800000000)
  region size 8192K, 8 young (65536K), 8 survivors (65536K)
 Metaspace       used 144756K, committed 147200K, reserved 1179648K
  class space    used 22452K, committed 23488K, reserved 1048576K
}
Event: 30.648 GC heap before
{Heap before GC invocations=80 (full 0):
 garbage-first heap   total 1785856K, used 1499561K [0x000000042e000000, 0x0000000800000000)
  region size 8192K, 117 young (958464K), 8 survivors (65536K)
 Metaspace       used 180895K, committed 183360K, reserved 1245184K
  class space    used 32155K, committed 33216K, reserved 1048576K
}
Event: 30.671 GC heap after
{Heap after GC invocations=81 (full 0):
 garbage-first heap   total 1785856K, used 648762K [0x000000042e000000, 0x0000000800000000)
  region size 8192K, 13 young (106496K), 13 survivors (106496K)
 Metaspace       used 180895K, committed 183360K, reserved 1245184K
  class space    used 32155K, committed 33216K, reserved 1048576K
}
Event: 31.244 GC heap before
{Heap before GC invocations=81 (full 0):
 garbage-first heap   total 1785856K, used 1214010K [0x000000042e000000, 0x0000000800000000)
  region size 8192K, 84 young (688128K), 13 survivors (106496K)
 Metaspace       used 209481K, committed 211968K, reserved 1245184K
  class space    used 40021K, committed 41088K, reserved 1048576K
}
Event: 31.275 GC heap after
{Heap after GC invocations=82 (full 0):
 garbage-first heap   total 3022848K, used 660307K [0x000000042e000000, 0x0000000800000000)
  region size 8192K, 9 young (73728K), 9 survivors (73728K)
 Metaspace       used 209481K, committed 211968K, reserved 1245184K
  class space    used 40021K, committed 41088K, reserved 1048576K
}
Event: 35.350 GC heap before
{Heap before GC invocations=83 (full 0):
 garbage-first heap   total 2981888K, used 2364243K [0x000000042e000000, 0x0000000800000000)
  region size 8192K, 218 young (1785856K), 9 survivors (73728K)
 Metaspace       used 295672K, committed 298368K, reserved 1310720K
  class space    used 62778K, committed 63936K, reserved 1048576K
}
Event: 35.398 GC heap after
{Heap after GC invocations=84 (full 0):
 garbage-first heap   total 2981888K, used 774364K [0x000000042e000000, 0x0000000800000000)
  region size 8192K, 23 young (188416K), 23 survivors (188416K)
 Metaspace       used 295672K, committed 298368K, reserved 1310720K
  class space    used 62778K, committed 63936K, reserved 1048576K
}
Event: 35.407 GC heap before
{Heap before GC invocations=84 (full 0):
 garbage-first heap   total 2981888K, used 782556K [0x000000042e000000, 0x0000000800000000)
  region size 8192K, 24 young (196608K), 23 survivors (188416K)
 Metaspace       used 295673K, committed 298368K, reserved 1310720K
  class space    used 62778K, committed 63936K, reserved 1048576K
}

