# JRE version: OpenJDK Runtime Environment Microsoft-8035246 (17.0.8+7) (build 17.0.8+7-LTS)
# Java VM: OpenJDK 64-Bit Server VM Microsoft-8035246 (17.0.8+7-LTS, mixed mode, tiered, compressed oops, compressed class ptrs, g1 gc, windows-amd64)
GC Precious Log:
 CPUs: 16 total, 16 available
 Memory: 16167M
 Large Page Support: Disabled
 NUMA Support: Disabled
 Compressed Oops: Enabled (Zero based)
 Heap Region Size: 16M
 Heap Min Capacity: 256M
 Heap Initial Capacity: 256M
 Heap Max Capacity: 16928M
 Pre-touch: Disabled
 Parallel Workers: 13
 Concurrent Workers: 3
 Concurrent Refinement Workers: 13
 Periodic GC: Disabled
Heap:
 garbage-first heap   total 1818624K, used 758862K [0x00000003de000000, 0x0000000800000000)
  region size 16384K, 10 young (163840K), 5 survivors (81920K)
 Metaspace       used 229591K, committed 232192K, reserved 1245184K
  class space    used 45259K, committed 46400K, reserved 1048576K
GC Heap History (20 events):
Event: 26.909 GC heap before
{Heap before GC invocations=55 (full 0):
 garbage-first heap   total 1507328K, used 1250351K [0x00000003de000000, 0x0000000800000000)
  region size 16384K, 50 young (819200K), 5 survivors (81920K)
 Metaspace       used 68035K, committed 70144K, reserved 1114112K
  class space    used 7865K, committed 8768K, reserved 1048576K
}
Event: 26.927 GC heap after
{Heap after GC invocations=56 (full 0):
 garbage-first heap   total 1507328K, used 522471K [0x00000003de000000, 0x0000000800000000)
  region size 16384K, 4 young (65536K), 4 survivors (65536K)
 Metaspace       used 68035K, committed 70144K, reserved 1114112K
  class space    used 7865K, committed 8768K, reserved 1048576K
}
Event: 27.611 GC heap before
{Heap before GC invocations=56 (full 0):
 garbage-first heap   total 1507328K, used 1243367K [0x00000003de000000, 0x0000000800000000)
  region size 16384K, 49 young (802816K), 4 survivors (65536K)
 Metaspace       used 68929K, committed 71040K, reserved 1114112K
  class space    used 7988K, committed 8896K, reserved 1048576K
}
Event: 27.627 GC heap after
{Heap after GC invocations=57 (full 0):
 garbage-first heap   total 1507328K, used 529640K [0x00000003de000000, 0x0000000800000000)
  region size 16384K, 5 young (81920K), 5 survivors (81920K)
 Metaspace       used 68929K, committed 71040K, reserved 1114112K
  class space    used 7988K, committed 8896K, reserved 1048576K
}
Event: 28.028 GC heap before
{Heap before GC invocations=57 (full 0):
 garbage-first heap   total 1507328K, used 1234152K [0x00000003de000000, 0x0000000800000000)
  region size 16384K, 48 young (786432K), 5 survivors (81920K)
 Metaspace       used 70337K, committed 72384K, reserved 1114112K
  class space    used 8085K, committed 8960K, reserved 1048576K
}
Event: 28.043 GC heap after
{Heap after GC invocations=58 (full 0):
 garbage-first heap   total 1818624K, used 537715K [0x00000003de000000, 0x0000000800000000)
  region size 16384K, 4 young (65536K), 4 survivors (65536K)
 Metaspace       used 70337K, committed 72384K, reserved 1114112K
  class space    used 8085K, committed 8960K, reserved 1048576K
}
Event: 29.259 GC heap before
{Heap before GC invocations=58 (full 0):
 garbage-first heap   total 1818624K, used 1520755K [0x00000003de000000, 0x0000000800000000)
  region size 16384K, 64 young (1048576K), 4 survivors (65536K)
 Metaspace       used 78521K, committed 80576K, reserved 1179648K
  class space    used 9413K, committed 10304K, reserved 1048576K
}
Event: 29.274 GC heap after
{Heap after GC invocations=59 (full 0):
 garbage-first heap   total 1818624K, used 555610K [0x00000003de000000, 0x0000000800000000)
  region size 16384K, 5 young (81920K), 5 survivors (81920K)
 Metaspace       used 78521K, committed 80576K, reserved 1179648K
  class space    used 9413K, committed 10304K, reserved 1048576K
}
Event: 30.458 GC heap before
{Heap before GC invocations=59 (full 0):
 garbage-first heap   total 1818624K, used 1505882K [0x00000003de000000, 0x0000000800000000)
  region size 16384K, 63 young (1032192K), 5 survivors (81920K)
 Metaspace       used 87524K, committed 89792K, reserved 1179648K
  class space    used 11209K, committed 12224K, reserved 1048576K
}
Event: 30.476 GC heap after
{Heap after GC invocations=60 (full 0):
 garbage-first heap   total 1818624K, used 570906K [0x00000003de000000, 0x0000000800000000)
  region size 16384K, 4 young (65536K), 4 survivors (65536K)
 Metaspace       used 87524K, committed 89792K, reserved 1179648K
  class space    used 11209K, committed 12224K, reserved 1048576K
}
Event: 31.721 GC heap before
{Heap before GC invocations=60 (full 0):
 garbage-first heap   total 1818624K, used 1357338K [0x00000003de000000, 0x0000000800000000)
  region size 16384K, 53 young (868352K), 4 survivors (65536K)
 Metaspace       used 101312K, committed 103680K, reserved 1179648K
  class space    used 14326K, committed 15360K, reserved 1048576K
}
Event: 31.738 GC heap after
{Heap after GC invocations=61 (full 0):
 garbage-first heap   total 1818624K, used 582134K [0x00000003de000000, 0x0000000800000000)
  region size 16384K, 5 young (81920K), 5 survivors (81920K)
 Metaspace       used 101312K, committed 103680K, reserved 1179648K
  class space    used 14326K, committed 15360K, reserved 1048576K
}
Event: 34.189 GC heap before
{Heap before GC invocations=62 (full 0):
 garbage-first heap   total 1818624K, used 1532406K [0x00000003de000000, 0x0000000800000000)
  region size 16384K, 63 young (1032192K), 5 survivors (81920K)
 Metaspace       used 127226K, committed 129664K, reserved 1179648K
  class space    used 17556K, committed 18624K, reserved 1048576K
}
Event: 34.211 GC heap after
{Heap after GC invocations=63 (full 0):
 garbage-first heap   total 1818624K, used 603011K [0x00000003de000000, 0x0000000800000000)
  region size 16384K, 6 young (98304K), 6 survivors (98304K)
 Metaspace       used 127226K, committed 129664K, reserved 1179648K
  class space    used 17556K, committed 18624K, reserved 1048576K
}
Event: 34.890 GC heap before
{Heap before GC invocations=64 (full 0):
 garbage-first heap   total 1818624K, used 1504131K [0x00000003de000000, 0x0000000800000000)
  region size 16384K, 61 young (999424K), 6 survivors (98304K)
 Metaspace       used 151966K, committed 154432K, reserved 1179648K
  class space    used 24489K, committed 25536K, reserved 1048576K
}
Event: 34.917 GC heap after
{Heap after GC invocations=65 (full 0):
 garbage-first heap   total 1818624K, used 630256K [0x00000003de000000, 0x0000000800000000)
  region size 16384K, 8 young (131072K), 8 survivors (131072K)
 Metaspace       used 151966K, committed 154432K, reserved 1179648K
  class space    used 24489K, committed 25536K, reserved 1048576K
}
Event: 35.787 GC heap before
{Heap before GC invocations=65 (full 0):
 garbage-first heap   total 1818624K, used 1465840K [0x00000003de000000, 0x0000000800000000)
  region size 16384K, 59 young (966656K), 8 survivors (131072K)
 Metaspace       used 189575K, committed 192064K, reserved 1245184K
  class space    used 34553K, committed 35648K, reserved 1048576K
}
Event: 35.822 GC heap after
{Heap after GC invocations=66 (full 0):
 garbage-first heap   total 1818624K, used 659408K [0x00000003de000000, 0x0000000800000000)
  region size 16384K, 6 young (98304K), 6 survivors (98304K)
 Metaspace       used 189575K, committed 192064K, reserved 1245184K
  class space    used 34553K, committed 35648K, reserved 1048576K
}
Event: 36.595 GC heap before
{Heap before GC invocations=66 (full 0):
 garbage-first heap   total 1818624K, used 1331152K [0x00000003de000000, 0x0000000800000000)
  region size 16384K, 49 young (802816K), 6 survivors (98304K)
 Metaspace       used 225748K, committed 228288K, reserved 1245184K
  class space    used 44212K, committed 45312K, reserved 1048576K
}
Event: 36.630 GC heap after
{Heap after GC invocations=67 (full 0):
 garbage-first heap   total 1818624K, used 693326K [0x00000003de000000, 0x0000000800000000)
  region size 16384K, 5 young (81920K), 5 survivors (81920K)
 Metaspace       used 225748K, committed 228288K, reserved 1245184K
  class space    used 44212K, committed 45312K, reserved 1048576K
}

