# JRE version: OpenJDK Runtime Environment Microsoft-11369865 (17.0.15+6) (build 17.0.15+6-LTS)
# Java VM: OpenJDK 64-Bit Server VM Microsoft-11369865 (17.0.15+6-LTS, mixed mode, tiered, compressed oops, compressed class ptrs, g1 gc, windows-amd64)
GC Precious Log:
 CPUs: 16 total, 16 available
 Memory: 32551M
 Large Page Support: Disabled
 NUMA Support: Disabled
 Compressed Oops: Enabled (Zero based)
 Heap Region Size: 32M
 Heap Min Capacity: 256M
 Heap Initial Capacity: 256M
 Heap Max Capacity: 25536M
 Pre-touch: Disabled
 Parallel Workers: 13
 Concurrent Workers: 3
 Concurrent Refinement Workers: 13
 Periodic GC: Disabled
Heap:
 garbage-first heap   total 7995392K, used 4862878K [0x00000001c4000000, 0x0000000800000000)
  region size 32768K, 28 young (917504K), 1 survivors (32768K)
 Metaspace       used 547696K, committed 551424K, reserved 1507328K
  class space    used 113067K, committed 114752K, reserved 1048576K
GC Heap History (20 events):
Event: 308.381 GC heap before
{Heap before GC invocations=120 (full 0):
 garbage-first heap   total 7995392K, used 6198638K [0x00000001c4000000, 0x0000000800000000)
  region size 32768K, 98 young (3211264K), 5 survivors (163840K)
 Metaspace       used 547549K, committed 551232K, reserved 1507328K
  class space    used 113045K, committed 114688K, reserved 1048576K
}
Event: 308.421 GC heap after
{Heap after GC invocations=121 (full 0):
 garbage-first heap   total 7995392K, used 3183037K [0x00000001c4000000, 0x0000000800000000)
  region size 32768K, 6 young (196608K), 6 survivors (196608K)
 Metaspace       used 547549K, committed 551232K, reserved 1507328K
  class space    used 113045K, committed 114688K, reserved 1048576K
}
Event: 309.259 GC heap before
{Heap before GC invocations=121 (full 0):
 garbage-first heap   total 7995392K, used 6132157K [0x00000001c4000000, 0x0000000800000000)
  region size 32768K, 97 young (3178496K), 6 survivors (196608K)
 Metaspace       used 547583K, committed 551296K, reserved 1507328K
  class space    used 113053K, committed 114688K, reserved 1048576K
}
Event: 309.348 GC heap after
{Heap after GC invocations=122 (full 0):
 garbage-first heap   total 7995392K, used 3385862K [0x00000001c4000000, 0x0000000800000000)
  region size 32768K, 12 young (393216K), 12 survivors (393216K)
 Metaspace       used 547583K, committed 551296K, reserved 1507328K
  class space    used 113053K, committed 114688K, reserved 1048576K
}
Event: 309.669 GC heap before
{Heap before GC invocations=122 (full 0):
 garbage-first heap   total 7995392K, used 4565510K [0x00000001c4000000, 0x0000000800000000)
  region size 32768K, 48 young (1572864K), 12 survivors (393216K)
 Metaspace       used 547584K, committed 551296K, reserved 1507328K
  class space    used 113053K, committed 114688K, reserved 1048576K
}
Event: 309.753 GC heap after
{Heap after GC invocations=123 (full 0):
 garbage-first heap   total 7995392K, used 3430013K [0x00000001c4000000, 0x0000000800000000)
  region size 32768K, 2 young (65536K), 2 survivors (65536K)
 Metaspace       used 547584K, committed 551296K, reserved 1507328K
  class space    used 113053K, committed 114688K, reserved 1048576K
}
Event: 310.208 GC heap before
{Heap before GC invocations=123 (full 0):
 garbage-first heap   total 7995392K, used 6051453K [0x00000001c4000000, 0x0000000800000000)
  region size 32768K, 83 young (2719744K), 2 survivors (65536K)
 Metaspace       used 547588K, committed 551296K, reserved 1507328K
  class space    used 113053K, committed 114688K, reserved 1048576K
}
Event: 310.236 GC heap after
{Heap after GC invocations=124 (full 0):
 garbage-first heap   total 7995392K, used 3448961K [0x00000001c4000000, 0x0000000800000000)
  region size 32768K, 3 young (98304K), 3 survivors (98304K)
 Metaspace       used 547588K, committed 551296K, reserved 1507328K
  class space    used 113053K, committed 114688K, reserved 1048576K
}
Event: 315.003 GC heap before
{Heap before GC invocations=124 (full 0):
 garbage-first heap   total 7995392K, used 6103169K [0x00000001c4000000, 0x0000000800000000)
  region size 32768K, 84 young (2752512K), 3 survivors (98304K)
 Metaspace       used 547600K, committed 551296K, reserved 1507328K
  class space    used 113053K, committed 114688K, reserved 1048576K
}
Event: 315.079 GC heap after
{Heap after GC invocations=125 (full 0):
 garbage-first heap   total 7995392K, used 3567642K [0x00000001c4000000, 0x0000000800000000)
  region size 32768K, 7 young (229376K), 7 survivors (229376K)
 Metaspace       used 547600K, committed 551296K, reserved 1507328K
  class space    used 113053K, committed 114688K, reserved 1048576K
}
Event: 317.132 GC heap before
{Heap before GC invocations=125 (full 0):
 garbage-first heap   total 7995392K, used 4911130K [0x00000001c4000000, 0x0000000800000000)
  region size 32768K, 48 young (1572864K), 7 survivors (229376K)
 Metaspace       used 547602K, committed 551296K, reserved 1507328K
  class space    used 113053K, committed 114688K, reserved 1048576K
}
Event: 317.211 GC heap after
{Heap after GC invocations=126 (full 0):
 garbage-first heap   total 7995392K, used 3632986K [0x00000001c4000000, 0x0000000800000000)
  region size 32768K, 3 young (98304K), 3 survivors (98304K)
 Metaspace       used 547602K, committed 551296K, reserved 1507328K
  class space    used 113053K, committed 114688K, reserved 1048576K
}
Event: 319.574 GC heap before
{Heap before GC invocations=126 (full 0):
 garbage-first heap   total 7995392K, used 5107546K [0x00000001c4000000, 0x0000000800000000)
  region size 32768K, 48 young (1572864K), 3 survivors (98304K)
 Metaspace       used 547602K, committed 551296K, reserved 1507328K
  class space    used 113053K, committed 114688K, reserved 1048576K
}
Event: 319.639 GC heap after
{Heap after GC invocations=127 (full 0):
 garbage-first heap   total 7995392K, used 3719455K [0x00000001c4000000, 0x0000000800000000)
  region size 32768K, 6 young (196608K), 6 survivors (196608K)
 Metaspace       used 547602K, committed 551296K, reserved 1507328K
  class space    used 113053K, committed 114688K, reserved 1048576K
}
Event: 321.773 GC heap before
{Heap before GC invocations=127 (full 0):
 garbage-first heap   total 7995392K, used 5095711K [0x00000001c4000000, 0x0000000800000000)
  region size 32768K, 48 young (1572864K), 6 survivors (196608K)
 Metaspace       used 547604K, committed 551296K, reserved 1507328K
  class space    used 113053K, committed 114688K, reserved 1048576K
}
Event: 321.873 GC heap after
{Heap after GC invocations=128 (full 0):
 garbage-first heap   total 7995392K, used 3852559K [0x00000001c4000000, 0x0000000800000000)
  region size 32768K, 6 young (196608K), 6 survivors (196608K)
 Metaspace       used 547604K, committed 551296K, reserved 1507328K
  class space    used 113053K, committed 114688K, reserved 1048576K
}
Event: 324.013 GC heap before
{Heap before GC invocations=128 (full 0):
 garbage-first heap   total 7995392K, used 5228815K [0x00000001c4000000, 0x0000000800000000)
  region size 32768K, 48 young (1572864K), 6 survivors (196608K)
 Metaspace       used 547609K, committed 551296K, reserved 1507328K
  class space    used 113053K, committed 114688K, reserved 1048576K
}
Event: 324.104 GC heap after
{Heap after GC invocations=129 (full 0):
 garbage-first heap   total 7995392K, used 3998093K [0x00000001c4000000, 0x0000000800000000)
  region size 32768K, 5 young (163840K), 5 survivors (163840K)
 Metaspace       used 547609K, committed 551296K, reserved 1507328K
  class space    used 113053K, committed 114688K, reserved 1048576K
}
Event: 325.683 GC heap before
{Heap before GC invocations=129 (full 0):
 garbage-first heap   total 7995392K, used 5439885K [0x00000001c4000000, 0x0000000800000000)
  region size 32768K, 48 young (1572864K), 5 survivors (163840K)
 Metaspace       used 547614K, committed 551296K, reserved 1507328K
  class space    used 113053K, committed 114688K, reserved 1048576K
}
Event: 325.717 GC heap after
{Heap after GC invocations=130 (full 0):
 garbage-first heap   total 7995392K, used 4043678K [0x00000001c4000000, 0x0000000800000000)
  region size 32768K, 1 young (32768K), 1 survivors (32768K)
 Metaspace       used 547614K, committed 551296K, reserved 1507328K
  class space    used 113053K, committed 114688K, reserved 1048576K
}

