# JRE version: OpenJDK Runtime Environment Microsoft-8035246 (17.0.8+7) (build 17.0.8+7-LTS)
# Java VM: OpenJDK 64-Bit Server VM Microsoft-8035246 (17.0.8+7-LTS, mixed mode, tiered, compressed oops, compressed class ptrs, g1 gc, windows-amd64)
GC Precious Log:
 CPUs: 16 total, 16 available
 Memory: 16167M
 Large Page Support: Disabled
 NUMA Support: Disabled
 Compressed Oops: Enabled (Zero based)
 Heap Region Size: 16M
 Heap Min Capacity: 256M
 Heap Initial Capacity: 256M
 Heap Max Capacity: 16928M
 Pre-touch: Disabled
 Parallel Workers: 13
 Concurrent Workers: 3
 Concurrent Refinement Workers: 13
 Periodic GC: Disabled
Heap:
 garbage-first heap   total 5029888K, used 4763199K [0x00000003de000000, 0x0000000800000000)
  region size 16384K, 15 young (245760K), 1 survivors (16384K)
 Metaspace       used 518769K, committed 522560K, reserved 1507328K
  class space    used 100373K, committed 102080K, reserved 1048576K
GC Heap History (20 events):
Event: 1769.870 GC heap before
{Heap before GC invocations=1975 (full 0):
 garbage-first heap   total 5029888K, used 4759093K [0x00000003de000000, 0x0000000800000000)
  region size 16384K, 15 young (245760K), 1 survivors (16384K)
 Metaspace       used 518763K, committed 522560K, reserved 1507328K
  class space    used 100372K, committed 102080K, reserved 1048576K
}
Event: 1769.873 GC heap after
{Heap after GC invocations=1976 (full 0):
 garbage-first heap   total 5029888K, used 4531385K [0x00000003de000000, 0x0000000800000000)
  region size 16384K, 1 young (16384K), 1 survivors (16384K)
 Metaspace       used 518763K, committed 522560K, reserved 1507328K
  class space    used 100372K, committed 102080K, reserved 1048576K
}
Event: 1770.371 GC heap before
{Heap before GC invocations=1976 (full 0):
 garbage-first heap   total 5029888K, used 4760761K [0x00000003de000000, 0x0000000800000000)
  region size 16384K, 15 young (245760K), 1 survivors (16384K)
 Metaspace       used 518763K, committed 522560K, reserved 1507328K
  class space    used 100372K, committed 102080K, reserved 1048576K
}
Event: 1770.374 GC heap after
{Heap after GC invocations=1977 (full 0):
 garbage-first heap   total 5029888K, used 4531151K [0x00000003de000000, 0x0000000800000000)
  region size 16384K, 1 young (16384K), 1 survivors (16384K)
 Metaspace       used 518763K, committed 522560K, reserved 1507328K
  class space    used 100372K, committed 102080K, reserved 1048576K
}
Event: 1770.844 GC heap before
{Heap before GC invocations=1977 (full 0):
 garbage-first heap   total 5029888K, used 4760527K [0x00000003de000000, 0x0000000800000000)
  region size 16384K, 15 young (245760K), 1 survivors (16384K)
 Metaspace       used 518763K, committed 522560K, reserved 1507328K
  class space    used 100372K, committed 102080K, reserved 1048576K
}
Event: 1770.847 GC heap after
{Heap after GC invocations=1978 (full 0):
 garbage-first heap   total 5029888K, used 4531588K [0x00000003de000000, 0x0000000800000000)
  region size 16384K, 1 young (16384K), 1 survivors (16384K)
 Metaspace       used 518763K, committed 522560K, reserved 1507328K
  class space    used 100372K, committed 102080K, reserved 1048576K
}
Event: 1771.338 GC heap before
{Heap before GC invocations=1978 (full 0):
 garbage-first heap   total 5029888K, used 4760964K [0x00000003de000000, 0x0000000800000000)
  region size 16384K, 15 young (245760K), 1 survivors (16384K)
 Metaspace       used 518765K, committed 522560K, reserved 1507328K
  class space    used 100373K, committed 102080K, reserved 1048576K
}
Event: 1771.341 GC heap after
{Heap after GC invocations=1979 (full 0):
 garbage-first heap   total 5029888K, used 4531903K [0x00000003de000000, 0x0000000800000000)
  region size 16384K, 1 young (16384K), 1 survivors (16384K)
 Metaspace       used 518765K, committed 522560K, reserved 1507328K
  class space    used 100373K, committed 102080K, reserved 1048576K
}
Event: 1771.838 GC heap before
{Heap before GC invocations=1979 (full 0):
 garbage-first heap   total 5029888K, used 4761279K [0x00000003de000000, 0x0000000800000000)
  region size 16384K, 15 young (245760K), 1 survivors (16384K)
 Metaspace       used 518765K, committed 522560K, reserved 1507328K
  class space    used 100373K, committed 102080K, reserved 1048576K
}
Event: 1771.841 GC heap after
{Heap after GC invocations=1980 (full 0):
 garbage-first heap   total 5029888K, used 4531850K [0x00000003de000000, 0x0000000800000000)
  region size 16384K, 1 young (16384K), 1 survivors (16384K)
 Metaspace       used 518765K, committed 522560K, reserved 1507328K
  class space    used 100373K, committed 102080K, reserved 1048576K
}
Event: 1772.298 GC heap before
{Heap before GC invocations=1980 (full 0):
 garbage-first heap   total 5029888K, used 4761226K [0x00000003de000000, 0x0000000800000000)
  region size 16384K, 15 young (245760K), 1 survivors (16384K)
 Metaspace       used 518765K, committed 522560K, reserved 1507328K
  class space    used 100373K, committed 102080K, reserved 1048576K
}
Event: 1772.301 GC heap after
{Heap after GC invocations=1981 (full 0):
 garbage-first heap   total 5029888K, used 4532824K [0x00000003de000000, 0x0000000800000000)
  region size 16384K, 1 young (16384K), 1 survivors (16384K)
 Metaspace       used 518765K, committed 522560K, reserved 1507328K
  class space    used 100373K, committed 102080K, reserved 1048576K
}
Event: 1772.782 GC heap before
{Heap before GC invocations=1981 (full 0):
 garbage-first heap   total 5029888K, used 4762200K [0x00000003de000000, 0x0000000800000000)
  region size 16384K, 15 young (245760K), 1 survivors (16384K)
 Metaspace       used 518767K, committed 522560K, reserved 1507328K
  class space    used 100373K, committed 102080K, reserved 1048576K
}
Event: 1772.785 GC heap after
{Heap after GC invocations=1982 (full 0):
 garbage-first heap   total 5029888K, used 4532837K [0x00000003de000000, 0x0000000800000000)
  region size 16384K, 1 young (16384K), 1 survivors (16384K)
 Metaspace       used 518767K, committed 522560K, reserved 1507328K
  class space    used 100373K, committed 102080K, reserved 1048576K
}
Event: 1773.245 GC heap before
{Heap before GC invocations=1982 (full 0):
 garbage-first heap   total 5029888K, used 4762213K [0x00000003de000000, 0x0000000800000000)
  region size 16384K, 15 young (245760K), 1 survivors (16384K)
 Metaspace       used 518768K, committed 522560K, reserved 1507328K
  class space    used 100373K, committed 102080K, reserved 1048576K
}
Event: 1773.247 GC heap after
{Heap after GC invocations=1983 (full 0):
 garbage-first heap   total 5029888K, used 4533486K [0x00000003de000000, 0x0000000800000000)
  region size 16384K, 1 young (16384K), 1 survivors (16384K)
 Metaspace       used 518768K, committed 522560K, reserved 1507328K
  class space    used 100373K, committed 102080K, reserved 1048576K
}
Event: 1773.729 GC heap before
{Heap before GC invocations=1983 (full 0):
 garbage-first heap   total 5029888K, used 4762862K [0x00000003de000000, 0x0000000800000000)
  region size 16384K, 15 young (245760K), 1 survivors (16384K)
 Metaspace       used 518768K, committed 522560K, reserved 1507328K
  class space    used 100373K, committed 102080K, reserved 1048576K
}
Event: 1773.732 GC heap after
{Heap after GC invocations=1984 (full 0):
 garbage-first heap   total 5029888K, used 4533493K [0x00000003de000000, 0x0000000800000000)
  region size 16384K, 1 young (16384K), 1 survivors (16384K)
 Metaspace       used 518768K, committed 522560K, reserved 1507328K
  class space    used 100373K, committed 102080K, reserved 1048576K
}
Event: 1774.231 GC heap before
{Heap before GC invocations=1984 (full 0):
 garbage-first heap   total 5029888K, used 4762869K [0x00000003de000000, 0x0000000800000000)
  region size 16384K, 15 young (245760K), 1 survivors (16384K)
 Metaspace       used 518768K, committed 522560K, reserved 1507328K
  class space    used 100373K, committed 102080K, reserved 1048576K
}
Event: 1774.234 GC heap after
{Heap after GC invocations=1985 (full 0):
 garbage-first heap   total 5029888K, used 4533823K [0x00000003de000000, 0x0000000800000000)
  region size 16384K, 1 young (16384K), 1 survivors (16384K)
 Metaspace       used 518768K, committed 522560K, reserved 1507328K
  class space    used 100373K, committed 102080K, reserved 1048576K
}

