# JRE version: OpenJDK Runtime Environment Microsoft-8035246 (17.0.8+7) (build 17.0.8+7-LTS)
# Java VM: OpenJDK 64-Bit Server VM Microsoft-8035246 (17.0.8+7-LTS, mixed mode, tiered, compressed oops, compressed class ptrs, g1 gc, windows-amd64)
GC Precious Log:
 CPUs: 16 total, 16 available
 Memory: 16167M
 Large Page Support: Disabled
 NUMA Support: Disabled
 Compressed Oops: Enabled (Zero based)
 Heap Region Size: 8M
 Heap Min Capacity: 256M
 Heap Initial Capacity: 256M
 Heap Max Capacity: 15648M
 Pre-touch: Disabled
 Parallel Workers: 13
 Concurrent Workers: 3
 Concurrent Refinement Workers: 13
 Periodic GC: Disabled
Heap:
 garbage-first heap   total 2195456K, used 1144197K [0x000000042e000000, 0x0000000800000000)
  region size 8192K, 57 young (466944K), 11 survivors (90112K)
 Metaspace       used 296066K, committed 298816K, reserved 1310720K
  class space    used 62922K, committed 64128K, reserved 1048576K
GC Heap History (20 events):
Event: 20.101 GC heap before
{Heap before GC invocations=75 (full 0):
 garbage-first heap   total 1548288K, used 745603K [0x000000042e000000, 0x0000000800000000)
  region size 8192K, 32 young (262144K), 8 survivors (65536K)
 Metaspace       used 84310K, committed 86528K, reserved 1179648K
  class space    used 10379K, committed 11328K, reserved 1048576K
}
Event: 20.113 GC heap after
{Heap after GC invocations=76 (full 0):
 garbage-first heap   total 1548288K, used 562315K [0x000000042e000000, 0x0000000800000000)
  region size 8192K, 7 young (57344K), 7 survivors (57344K)
 Metaspace       used 84310K, committed 86528K, reserved 1179648K
  class space    used 10379K, committed 11328K, reserved 1048576K
}
Event: 21.106 GC heap before
{Heap before GC invocations=77 (full 0):
 garbage-first heap   total 1548288K, used 1332363K [0x000000042e000000, 0x0000000800000000)
  region size 8192K, 101 young (827392K), 7 survivors (57344K)
 Metaspace       used 93828K, committed 96064K, reserved 1179648K
  class space    used 12900K, committed 13824K, reserved 1048576K
}
Event: 21.118 GC heap after
{Heap after GC invocations=78 (full 0):
 garbage-first heap   total 1548288K, used 567395K [0x000000042e000000, 0x0000000800000000)
  region size 8192K, 8 young (65536K), 8 survivors (65536K)
 Metaspace       used 93828K, committed 96064K, reserved 1179648K
  class space    used 12900K, committed 13824K, reserved 1048576K
}
Event: 21.133 GC heap before
{Heap before GC invocations=78 (full 0):
 garbage-first heap   total 1548288K, used 575587K [0x000000042e000000, 0x0000000800000000)
  region size 8192K, 9 young (73728K), 8 survivors (65536K)
 Metaspace       used 94013K, committed 96256K, reserved 1179648K
  class space    used 12929K, committed 13888K, reserved 1048576K
}
Event: 21.145 GC heap after
{Heap after GC invocations=79 (full 0):
 garbage-first heap   total 1548288K, used 570172K [0x000000042e000000, 0x0000000800000000)
  region size 8192K, 2 young (16384K), 2 survivors (16384K)
 Metaspace       used 94013K, committed 96256K, reserved 1179648K
  class space    used 12929K, committed 13888K, reserved 1048576K
}
Event: 22.521 GC heap before
{Heap before GC invocations=79 (full 0):
 garbage-first heap   total 1548288K, used 1340220K [0x000000042e000000, 0x0000000800000000)
  region size 8192K, 96 young (786432K), 2 survivors (16384K)
 Metaspace       used 110914K, committed 113344K, reserved 1179648K
  class space    used 15530K, committed 16576K, reserved 1048576K
}
Event: 22.529 GC heap after
{Heap after GC invocations=80 (full 0):
 garbage-first heap   total 3096576K, used 574010K [0x000000042e000000, 0x0000000800000000)
  region size 8192K, 2 young (16384K), 2 survivors (16384K)
 Metaspace       used 110914K, committed 113344K, reserved 1179648K
  class space    used 15530K, committed 16576K, reserved 1048576K
}
Event: 24.558 GC heap before
{Heap before GC invocations=81 (full 0):
 garbage-first heap   total 2162688K, used 2097722K [0x000000042e000000, 0x0000000800000000)
  region size 8192K, 190 young (1556480K), 2 survivors (16384K)
 Metaspace       used 155459K, committed 157952K, reserved 1245184K
  class space    used 25477K, committed 26560K, reserved 1048576K
}
Event: 24.580 GC heap after
{Heap after GC invocations=82 (full 0):
 garbage-first heap   total 2195456K, used 614608K [0x000000042e000000, 0x0000000800000000)
  region size 8192K, 9 young (73728K), 9 survivors (73728K)
 Metaspace       used 155459K, committed 157952K, reserved 1245184K
  class space    used 25477K, committed 26560K, reserved 1048576K
}
Event: 24.621 GC heap before
{Heap before GC invocations=82 (full 0):
 garbage-first heap   total 2195456K, used 647376K [0x000000042e000000, 0x0000000800000000)
  region size 8192K, 13 young (106496K), 9 survivors (73728K)
 Metaspace       used 157117K, committed 159616K, reserved 1245184K
  class space    used 25887K, committed 27008K, reserved 1048576K
}
Event: 24.637 GC heap after
{Heap after GC invocations=83 (full 0):
 garbage-first heap   total 2195456K, used 608449K [0x000000042e000000, 0x0000000800000000)
  region size 8192K, 2 young (16384K), 2 survivors (16384K)
 Metaspace       used 157117K, committed 159616K, reserved 1245184K
  class space    used 25887K, committed 27008K, reserved 1048576K
}
Event: 25.286 GC heap before
{Heap before GC invocations=83 (full 0):
 garbage-first heap   total 2195456K, used 1378497K [0x000000042e000000, 0x0000000800000000)
  region size 8192K, 98 young (802816K), 2 survivors (16384K)
 Metaspace       used 188268K, committed 190720K, reserved 1245184K
  class space    used 34152K, committed 35200K, reserved 1048576K
}
Event: 25.302 GC heap after
{Heap after GC invocations=84 (full 0):
 garbage-first heap   total 2195456K, used 674812K [0x000000042e000000, 0x0000000800000000)
  region size 8192K, 10 young (81920K), 10 survivors (81920K)
 Metaspace       used 188268K, committed 190720K, reserved 1245184K
  class space    used 34152K, committed 35200K, reserved 1048576K
}
Event: 26.800 GC heap before
{Heap before GC invocations=85 (full 0):
 garbage-first heap   total 2195456K, used 1772540K [0x000000042e000000, 0x0000000800000000)
  region size 8192K, 145 young (1187840K), 10 survivors (81920K)
 Metaspace       used 248955K, committed 251584K, reserved 1310720K
  class space    used 50312K, committed 51456K, reserved 1048576K
}
Event: 26.830 GC heap after
{Heap after GC invocations=86 (full 0):
 garbage-first heap   total 2195456K, used 704798K [0x000000042e000000, 0x0000000800000000)
  region size 8192K, 13 young (106496K), 13 survivors (106496K)
 Metaspace       used 248955K, committed 251584K, reserved 1310720K
  class space    used 50312K, committed 51456K, reserved 1048576K
}
Event: 26.840 GC heap before
{Heap before GC invocations=86 (full 0):
 garbage-first heap   total 2195456K, used 712990K [0x000000042e000000, 0x0000000800000000)
  region size 8192K, 14 young (114688K), 13 survivors (106496K)
 Metaspace       used 249620K, committed 252224K, reserved 1310720K
  class space    used 50523K, committed 51648K, reserved 1048576K
}
Event: 26.863 GC heap after
{Heap after GC invocations=87 (full 0):
 garbage-first heap   total 2195456K, used 701633K [0x000000042e000000, 0x0000000800000000)
  region size 8192K, 2 young (16384K), 2 survivors (16384K)
 Metaspace       used 249620K, committed 252224K, reserved 1310720K
  class space    used 50523K, committed 51648K, reserved 1048576K
}
Event: 29.856 GC heap before
{Heap before GC invocations=87 (full 0):
 garbage-first heap   total 2195456K, used 1782977K [0x000000042e000000, 0x0000000800000000)
  region size 8192K, 134 young (1097728K), 2 survivors (16384K)
 Metaspace       used 295361K, committed 298112K, reserved 1310720K
  class space    used 62784K, committed 64000K, reserved 1048576K
}
Event: 29.880 GC heap after
{Heap after GC invocations=88 (full 0):
 garbage-first heap   total 2195456K, used 775557K [0x000000042e000000, 0x0000000800000000)
  region size 8192K, 11 young (90112K), 11 survivors (90112K)
 Metaspace       used 295361K, committed 298112K, reserved 1310720K
  class space    used 62784K, committed 64000K, reserved 1048576K
}

